This is pdfTeX, Version 3.14159265-2.6-1.40.19 (MiKTeX 2.9.6670) (preloaded format=pdflatex 2018.4.20)  1 JUL 2018 16:10
entering extended mode
**./Entwurfsdokument_View.tex
(Entwurfsdokument_View.tex
LaTeX2e <2018-04-01> patch level 2
Babel <3.18> and hyphenation patterns for 72 language(s) loaded.
("C:\Program Files (x86)\MikTex\tex\latex\base\article.cls"
Document Class: article 2014/09/29 v1.4h Standard LaTeX document class
("C:\Program Files (x86)\MikTex\tex\latex\base\size10.clo"
File: size10.clo 2014/09/29 v1.4h Standard LaTeX file (size option)
)
\c@part=\count80
\c@section=\count81
\c@subsection=\count82
\c@subsubsection=\count83
\c@paragraph=\count84
\c@subparagraph=\count85
\c@figure=\count86
\c@table=\count87
\abovecaptionskip=\skip41
\belowcaptionskip=\skip42
\bibindent=\dimen102
)
("C:\Program Files (x86)\MikTex\tex\latex\geometry\geometry.sty"
Package: geometry 2018/03/24 v5.7 Page Geometry

("C:\Program Files (x86)\MikTex\tex\latex\graphics\keyval.sty"
Package: keyval 2014/10/28 v1.15 key=value parser (DPC)
\KV@toks@=\toks14
)
("C:\Program Files (x86)\MikTex\tex\generic\oberdiek\ifpdf.sty"
Package: ifpdf 2017/03/15 v3.2 Provides the ifpdf switch
)
("C:\Program Files (x86)\MikTex\tex\generic\oberdiek\ifvtex.sty"
Package: ifvtex 2016/05/16 v1.6 Detect VTeX and its facilities (HO)
Package ifvtex Info: VTeX not detected.
)
("C:\Program Files (x86)\MikTex\tex\generic\ifxetex\ifxetex.sty"
Package: ifxetex 2010/09/12 v0.6 Provides ifxetex conditional
)
\Gm@cnth=\count88
\Gm@cntv=\count89
\c@Gm@tempcnt=\count90
\Gm@bindingoffset=\dimen103
\Gm@wd@mp=\dimen104
\Gm@odd@mp=\dimen105
\Gm@even@mp=\dimen106
\Gm@layoutwidth=\dimen107
\Gm@layoutheight=\dimen108
\Gm@layouthoffset=\dimen109
\Gm@layoutvoffset=\dimen110
\Gm@dimlist=\toks15

("C:\Program Files (x86)\MikTex\tex\latex\geometry\geometry.cfg"))
("C:\Program Files (x86)\MikTex\tex\latex\base\inputenc.sty"
Package: inputenc 2018/04/06 v1.3b Input encoding file
\inpenc@prehook=\toks16
\inpenc@posthook=\toks17
)
("C:\Program Files (x86)\MikTex\tex\latex\base\fontenc.sty"
Package: fontenc 2017/04/05 v2.0i Standard LaTeX package

("C:\Program Files (x86)\MikTex\tex\latex\base\t1enc.def"
File: t1enc.def 2017/04/05 v2.0i Standard LaTeX file
LaTeX Font Info:    Redeclaring font encoding T1 on input line 48.
))
("C:\Program Files (x86)\MikTex\tex\generic\babel\babel.sty"
Package: babel 2018/02/14 3.18 The Babel package

("C:\Program Files (x86)\MikTex\tex\generic\babel\switch.def"
File: switch.def 2018/02/14 3.18 Babel switching mechanism
)
*************************************
* Local config file bblopts.cfg used
*
("C:\Program Files (x86)\MikTex\tex\latex\arabi\bblopts.cfg"
File: bblopts.cfg 2005/09/08 v0.1 add Arabic and Farsi to "declared" options of
 babel
)
("C:\Program Files (x86)\MikTex\tex\latex\babel-german\german.ldf"
Language: german 2018/03/29 v2.10 German support for babel (pre-1996 orthograph
y)

("C:\Program Files (x86)\MikTex\tex\latex\babel-german\germanb.ldf"
Language: germanb 2018/03/29 v2.10 German support for babel (pre-1996 orthograp
hy)

("C:\Program Files (x86)\MikTex\tex\generic\babel\babel.def"
File: babel.def 2018/02/14 3.18 Babel common definitions
\babel@savecnt=\count91
\U@D=\dimen111

("C:\Program Files (x86)\MikTex\tex\generic\babel\txtbabel.def")
\bbl@dirlevel=\count92
)
Package babel Info: Making " an active character on input line 135.
)))
("C:\Program Files (x86)\MikTex\tex\latex\hyperref\hyperref.sty"
Package: hyperref 2018/02/06 v6.86b Hypertext links for LaTeX

("C:\Program Files (x86)\MikTex\tex\generic\oberdiek\hobsub-hyperref.sty"
Package: hobsub-hyperref 2016/05/16 v1.14 Bundle oberdiek, subset hyperref (HO)


("C:\Program Files (x86)\MikTex\tex\generic\oberdiek\hobsub-generic.sty"
Package: hobsub-generic 2016/05/16 v1.14 Bundle oberdiek, subset generic (HO)
Package: hobsub 2016/05/16 v1.14 Construct package bundles (HO)
Package: infwarerr 2016/05/16 v1.4 Providing info/warning/error messages (HO)
Package: ltxcmds 2016/05/16 v1.23 LaTeX kernel commands for general use (HO)
Package: ifluatex 2016/05/16 v1.4 Provides the ifluatex switch (HO)
Package ifluatex Info: LuaTeX not detected.
Package hobsub Info: Skipping package `ifvtex' (already loaded).
Package: intcalc 2016/05/16 v1.2 Expandable calculations with integers (HO)
Package hobsub Info: Skipping package `ifpdf' (already loaded).
Package: etexcmds 2016/05/16 v1.6 Avoid name clashes with e-TeX commands (HO)
Package etexcmds Info: Could not find \expanded.
(etexcmds)             That can mean that you are not using pdfTeX 1.50 or
(etexcmds)             that some package has redefined \expanded.
(etexcmds)             In the latter case, load this package earlier.
Package: kvsetkeys 2016/05/16 v1.17 Key value parser (HO)
Package: kvdefinekeys 2016/05/16 v1.4 Define keys (HO)
Package: pdftexcmds 2018/01/30 v0.27 Utility functions of pdfTeX for LuaTeX (HO
)
Package pdftexcmds Info: LuaTeX not detected.
Package pdftexcmds Info: \pdf@primitive is available.
Package pdftexcmds Info: \pdf@ifprimitive is available.
Package pdftexcmds Info: \pdfdraftmode found.
Package: pdfescape 2016/05/16 v1.14 Implements pdfTeX's escape features (HO)
Package: bigintcalc 2016/05/16 v1.4 Expandable calculations on big integers (HO
)
Package: bitset 2016/05/16 v1.2 Handle bit-vector datatype (HO)
Package: uniquecounter 2016/05/16 v1.3 Provide unlimited unique counter (HO)
)
Package hobsub Info: Skipping package `hobsub' (already loaded).
Package: letltxmacro 2016/05/16 v1.5 Let assignment for LaTeX macros (HO)
Package: hopatch 2016/05/16 v1.3 Wrapper for package hooks (HO)
Package: xcolor-patch 2016/05/16 xcolor patch
Package: atveryend 2016/05/16 v1.9 Hooks at the very end of document (HO)
Package atveryend Info: \enddocument detected (standard20110627).
Package: atbegshi 2016/06/09 v1.18 At begin shipout hook (HO)
Package: refcount 2016/05/16 v3.5 Data extraction from label references (HO)
Package: hycolor 2016/05/16 v1.8 Color options for hyperref/bookmark (HO)
)
("C:\Program Files (x86)\MikTex\tex\latex\oberdiek\auxhook.sty"
Package: auxhook 2016/05/16 v1.4 Hooks for auxiliary files (HO)
)
("C:\Program Files (x86)\MikTex\tex\latex\oberdiek\kvoptions.sty"
Package: kvoptions 2016/05/16 v3.12 Key value format for package options (HO)
)
\@linkdim=\dimen112
\Hy@linkcounter=\count93
\Hy@pagecounter=\count94

("C:\Program Files (x86)\MikTex\tex\latex\hyperref\pd1enc.def"
File: pd1enc.def 2018/02/06 v6.86b Hyperref: PDFDocEncoding definition (HO)
Now handling font encoding PD1 ...
... no UTF-8 mapping file for font encoding PD1
)
\Hy@SavedSpaceFactor=\count95

("C:\Program Files (x86)\MikTex\tex\latex\00miktex\hyperref.cfg"
File: hyperref.cfg 2002/06/06 v1.2 hyperref configuration of TeXLive
)
Package hyperref Info: Hyper figures OFF on input line 4509.
Package hyperref Info: Link nesting OFF on input line 4514.
Package hyperref Info: Hyper index ON on input line 4517.
Package hyperref Info: Plain pages OFF on input line 4524.
Package hyperref Info: Backreferencing OFF on input line 4529.
Package hyperref Info: Implicit mode ON; LaTeX internals redefined.
Package hyperref Info: Bookmarks ON on input line 4762.
\c@Hy@tempcnt=\count96

("C:\Program Files (x86)\MikTex\tex\latex\url\url.sty"
\Urlmuskip=\muskip10
Package: url 2013/09/16  ver 3.4  Verb mode for urls, etc.
)
LaTeX Info: Redefining \url on input line 5115.
\XeTeXLinkMargin=\dimen113
\Fld@menulength=\count97
\Field@Width=\dimen114
\Fld@charsize=\dimen115
Package hyperref Info: Hyper figures OFF on input line 6369.
Package hyperref Info: Link nesting OFF on input line 6374.
Package hyperref Info: Hyper index ON on input line 6377.
Package hyperref Info: backreferencing OFF on input line 6384.
Package hyperref Info: Link coloring OFF on input line 6389.
Package hyperref Info: Link coloring with OCG OFF on input line 6394.
Package hyperref Info: PDF/A mode OFF on input line 6399.
LaTeX Info: Redefining \ref on input line 6439.
LaTeX Info: Redefining \pageref on input line 6443.
\Hy@abspage=\count98
\c@Item=\count99
\c@Hfootnote=\count100
)
Package hyperref Info: Driver (autodetected): hpdftex.

("C:\Program Files (x86)\MikTex\tex\latex\hyperref\hpdftex.def"
File: hpdftex.def 2018/02/06 v6.86b Hyperref driver for pdfTeX
\Fld@listcount=\count101
\c@bookmark@seq@number=\count102

("C:\Program Files (x86)\MikTex\tex\latex\oberdiek\rerunfilecheck.sty"
Package: rerunfilecheck 2016/05/16 v1.8 Rerun checks for auxiliary files (HO)
Package uniquecounter Info: New unique counter `rerunfilecheck' on input line 2
82.
)
\Hy@SectionHShift=\skip43
)
("C:\Program Files (x86)\MikTex\tex\latex\glossaries\base\glossaries.sty"
Package: glossaries 2018/04/07 v4.37 (NLCT)

("C:\Program Files (x86)\MikTex\tex\latex\base\ifthen.sty"
Package: ifthen 2014/09/29 v1.1c Standard LaTeX ifthen package (DPC)
)
("C:\Program Files (x86)\MikTex\tex\latex\xkeyval\xkeyval.sty"
Package: xkeyval 2014/12/03 v2.7a package option processing (HA)

("C:\Program Files (x86)\MikTex\tex\generic\xkeyval\xkeyval.tex"
("C:\Program Files (x86)\MikTex\tex\generic\xkeyval\xkvutils.tex"
\XKV@toks=\toks18
\XKV@tempa@toks=\toks19
)
\XKV@depth=\count103
File: xkeyval.tex 2014/12/03 v2.7a key=value parser (HA)
))
("C:\Program Files (x86)\MikTex\tex\latex\mfirstuc\mfirstuc.sty"
Package: mfirstuc 2017/11/14 v2.06 (NLCT)

("C:\Program Files (x86)\MikTex\tex\latex\etoolbox\etoolbox.sty"
Package: etoolbox 2018/02/11 v2.5e e-TeX tools for LaTeX (JAW)
\etb@tempcnta=\count104
)
\@glsmfirst=\toks20
\@glsmrest=\toks21
)
("C:\Program Files (x86)\MikTex\tex\latex\textcase\textcase.sty"
Package: textcase 2004/10/07 v0.07 Text only upper/lower case changing (DPC)
)
("C:\Program Files (x86)\MikTex\tex\latex\xfor\xfor.sty"
Package: xfor 2009/02/05 v1.05 (NLCT)
)
("C:\Program Files (x86)\MikTex\tex\latex\datatool\datatool-base.sty"
Package: datatool-base 2018/04/16 v2.30 (NLCT)

("C:\Program Files (x86)\MikTex\tex\latex\amsmath\amsmath.sty"
Package: amsmath 2017/09/02 v2.17a AMS math features
\@mathmargin=\skip44

For additional information on amsmath, use the `?' option.
("C:\Program Files (x86)\MikTex\tex\latex\amsmath\amstext.sty"
Package: amstext 2000/06/29 v2.01 AMS text

("C:\Program Files (x86)\MikTex\tex\latex\amsmath\amsgen.sty"
File: amsgen.sty 1999/11/30 v2.0 generic functions
\@emptytoks=\toks22
\ex@=\dimen116
))
("C:\Program Files (x86)\MikTex\tex\latex\amsmath\amsbsy.sty"
Package: amsbsy 1999/11/29 v1.2d Bold Symbols
\pmbraise@=\dimen117
)
("C:\Program Files (x86)\MikTex\tex\latex\amsmath\amsopn.sty"
Package: amsopn 2016/03/08 v2.02 operator names
)
\inf@bad=\count105
LaTeX Info: Redefining \frac on input line 213.
\uproot@=\count106
\leftroot@=\count107
LaTeX Info: Redefining \overline on input line 375.
\classnum@=\count108
\DOTSCASE@=\count109
LaTeX Info: Redefining \ldots on input line 472.
LaTeX Info: Redefining \dots on input line 475.
LaTeX Info: Redefining \cdots on input line 596.
\Mathstrutbox@=\box26
\strutbox@=\box27
\big@size=\dimen118
LaTeX Font Info:    Redeclaring font encoding OML on input line 712.
LaTeX Font Info:    Redeclaring font encoding OMS on input line 713.
\macc@depth=\count110
\c@MaxMatrixCols=\count111
\dotsspace@=\muskip11
\c@parentequation=\count112
\dspbrk@lvl=\count113
\tag@help=\toks23
\row@=\count114
\column@=\count115
\maxfields@=\count116
\andhelp@=\toks24
\eqnshift@=\dimen119
\alignsep@=\dimen120
\tagshift@=\dimen121
\tagwidth@=\dimen122
\totwidth@=\dimen123
\lineht@=\dimen124
\@envbody=\toks25
\multlinegap=\skip45
\multlinetaggap=\skip46
\mathdisplay@stack=\toks26
LaTeX Info: Redefining \[ on input line 2817.
LaTeX Info: Redefining \] on input line 2818.
)
("C:\Program Files (x86)\MikTex\tex\latex\substr\substr.sty"
Package: substr 2009/10/20 v1.2 Handle substrings
\c@su@anzahl=\count117
)
("C:\Program Files (x86)\MikTex\tex\latex\datatool\datatool-fp.sty"
Package: datatool-fp 2018/04/16 v2.30 (NLCT)

("C:\Program Files (x86)\MikTex\tex\latex\fp\fp.sty"
Package: fp 1995/04/02

`Fixed Point Package', Version 0.8, April 2, 1995 (C) Michael Mehlich
("C:\Program Files (x86)\MikTex\tex\latex\fp\defpattern.sty"
Package: defpattern 1994/10/12
\actioncount=\count118
)
("C:\Program Files (x86)\MikTex\tex\latex\fp\fp-basic.sty"
Package: fp-basic 1996/05/13
\FP@xs=\count119
\FP@xia=\count120
\FP@xib=\count121
\FP@xfa=\count122
\FP@xfb=\count123
\FP@rega=\count124
\FP@regb=\count125
\FP@regs=\count126
\FP@times=\count127
)
("C:\Program Files (x86)\MikTex\tex\latex\fp\fp-addons.sty"
Package: fp-addons 1995/03/15
)
("C:\Program Files (x86)\MikTex\tex\latex\fp\fp-snap.sty"
Package: fp-snap 1995/04/05
)
("C:\Program Files (x86)\MikTex\tex\latex\fp\fp-exp.sty"
Package: fp-exp 1995/04/03
)
("C:\Program Files (x86)\MikTex\tex\latex\fp\fp-trigo.sty"
Package: fp-trigo 1995/04/14
)
("C:\Program Files (x86)\MikTex\tex\latex\fp\fp-pas.sty"
Package: fp-pas 1994/08/29
)
("C:\Program Files (x86)\MikTex\tex\latex\fp\fp-random.sty"
Package: fp-random 1995/02/23
\FPseed=\count128
)
("C:\Program Files (x86)\MikTex\tex\latex\fp\fp-eqn.sty"
Package: fp-eqn 1995/04/03
)
("C:\Program Files (x86)\MikTex\tex\latex\fp\fp-upn.sty"
Package: fp-upn 1996/10/21
)
("C:\Program Files (x86)\MikTex\tex\latex\fp\fp-eval.sty"
Package: fp-eval 1995/04/03
)))
\@dtl@toks=\toks27
\@dtl@tmpcount=\count129
\dtl@tmplength=\skip47
\dtl@sortresult=\count130
\@dtl@numgrpsepcount=\count131
\@dtl@datatype=\count132
\dtl@codeA=\count133
\dtl@codeB=\count134
\@dtl@foreach@level=\count135
)
("C:\Program Files (x86)\MikTex\tex\latex\glossaries\base\glossaries-compatible
-307.sty"
Package: glossaries-compatible-307 2018/04/07 v4.37 (NLCT)
) ("C:\Program Files (x86)\MikTex\tex\latex\tracklang\tracklang.sty"
Package: tracklang 2018/02/21 v1.3.5 (NLCT) Track Languages

("C:\Program Files (x86)\MikTex\tex\generic\tracklang\tracklang.tex"))
("C:\Program Files (x86)\MikTex\tex\latex\translator\translator.sty"
Package: translator 2018/01/04 v1.12 Easy translation of strings in LaTeX
)
("C:\Program Files (x86)\MikTex\tex\latex\glossaries-german\glossaries-german.l
df"
File: glossaries-german.ldf 2014/11/23 v1.0
)
\gls@level=\count136
\@gls@tmpb=\toks28
\gls@tmplen=\skip48
\glskeylisttok=\toks29
\glslabeltok=\toks30
\glsshorttok=\toks31
\glslongtok=\toks32

("C:\Program Files (x86)\MikTex\tex\latex\glossaries\styles\glossary-hypernav.s
ty"
Package: glossary-hypernav 2018/04/07 v4.37 (NLCT)
)
("C:\Program Files (x86)\MikTex\tex\latex\glossaries\styles\glossary-list.sty"
Package: glossary-list 2018/04/07 v4.37 (NLCT)
\glslistdottedwidth=\skip49
) ("C:\Program Files (x86)\MikTex\tex\latex\glossaries\styles\glossary-long.sty
"
Package: glossary-long 2018/04/07 v4.37 (NLCT)
("C:\Program Files (x86)\MikTex\tex\latex\tools\longtable.sty"
Package: longtable 2014/10/28 v4.11 Multi-page Table package (DPC)
\LTleft=\skip50
\LTright=\skip51
\LTpre=\skip52
\LTpost=\skip53
\LTchunksize=\count137
\LTcapwidth=\dimen125
\LT@head=\box28
\LT@firsthead=\box29
\LT@foot=\box30
\LT@lastfoot=\box31
\LT@cols=\count138
\LT@rows=\count139
\c@LT@tables=\count140
\c@LT@chunks=\count141
\LT@p@ftn=\toks33
)
\glsdescwidth=\skip54
\glspagelistwidth=\skip55
)
("C:\Program Files (x86)\MikTex\tex\latex\glossaries\styles\glossary-super.sty"
Package: glossary-super 2018/04/07 v4.37 (NLCT)
("C:\Program Files (x86)\MikTex\tex\latex\supertabular\supertabular.sty"
Package: supertabular 2004/02/20 v4.1e the supertabular environment
\c@tracingst=\count142
\ST@wd=\dimen126
\ST@rightskip=\skip56
\ST@leftskip=\skip57
\ST@parfillskip=\skip58
\ST@pageleft=\dimen127
\ST@headht=\dimen128
\ST@tailht=\dimen129
\ST@pagesofar=\dimen130
\ST@pboxht=\dimen131
\ST@lineht=\dimen132
\ST@stretchht=\dimen133
\ST@prevht=\dimen134
\ST@toadd=\dimen135
\ST@dimen=\dimen136
\ST@pbox=\box32
))
("C:\Program Files (x86)\MikTex\tex\latex\glossaries\styles\glossary-tree.sty"
Package: glossary-tree 2018/04/07 v4.37 (NLCT)
\glstreeindent=\skip59
)) ("C:\Program Files (x86)\MikTex\tex\latex\graphics\graphicx.sty"
Package: graphicx 2017/06/01 v1.1a Enhanced LaTeX Graphics (DPC,SPQR)

("C:\Program Files (x86)\MikTex\tex\latex\graphics\graphics.sty"
Package: graphics 2017/06/25 v1.2c Standard LaTeX Graphics (DPC,SPQR)

("C:\Program Files (x86)\MikTex\tex\latex\graphics\trig.sty"
Package: trig 2016/01/03 v1.10 sin cos tan (DPC)
)
("C:\Program Files (x86)\MikTex\tex\latex\graphics-cfg\graphics.cfg"
File: graphics.cfg 2016/06/04 v1.11 sample graphics configuration
)
Package graphics Info: Driver file: pdftex.def on input line 99.

("C:\Program Files (x86)\MikTex\tex\latex\graphics-def\pdftex.def"
File: pdftex.def 2018/01/08 v1.0l Graphics/color driver for pdftex
))
\Gin@req@height=\dimen137
\Gin@req@width=\dimen138
)
("C:\Program Files (x86)\MikTex\tex\latex\enumitem\enumitem.sty"
Package: enumitem 2011/09/28 v3.5.2 Customized lists
\labelindent=\skip60
\enit@outerparindent=\dimen139
\enit@toks=\toks34
\enit@inbox=\box33
\enitdp@description=\count143
)
("C:\Program Files (x86)\MikTex\tex\latex\parskip\parskip.sty"
Package: parskip 2001/04/09 non-zero parskip adjustments
)
("C:\Program Files (x86)\MikTex\tex\latex\float\float.sty"
Package: float 2001/11/08 v1.3d Float enhancements (AL)
\c@float@type=\count144
\float@exts=\toks35
\float@box=\box34
\@float@everytoks=\toks36
\@floatcapt=\box35
)
("C:\Program Files (x86)\MikTex\tex\latex\amsfonts\amssymb.sty"
Package: amssymb 2013/01/14 v3.01 AMS font symbols

("C:\Program Files (x86)\MikTex\tex\latex\amsfonts\amsfonts.sty"
Package: amsfonts 2013/01/14 v3.01 Basic AMSFonts support
\symAMSa=\mathgroup4
\symAMSb=\mathgroup5
LaTeX Font Info:    Overwriting math alphabet `\mathfrak' in version `bold'
(Font)                  U/euf/m/n --> U/euf/b/n on input line 106.
))
("C:\Program Files (x86)\MikTex\tex\latex\base\fix-cm.sty"
Package: fix-cm 2015/01/14 v1.1t fixes to LaTeX

("C:\Program Files (x86)\MikTex\tex\latex\base\ts1enc.def"
File: ts1enc.def 2001/06/05 v3.0e (jk/car/fm) Standard LaTeX file
Now handling font encoding TS1 ...
... processing UTF-8 mapping file for font encoding TS1

("C:\Program Files (x86)\MikTex\tex\latex\base\ts1enc.dfu"
File: ts1enc.dfu 2018/04/05 v1.2c UTF-8 support for inputenc
   defining Unicode char U+00A2 (decimal 162)
   defining Unicode char U+00A3 (decimal 163)
   defining Unicode char U+00A4 (decimal 164)
   defining Unicode char U+00A5 (decimal 165)
   defining Unicode char U+00A6 (decimal 166)
   defining Unicode char U+00A7 (decimal 167)
   defining Unicode char U+00A8 (decimal 168)
   defining Unicode char U+00A9 (decimal 169)
   defining Unicode char U+00AA (decimal 170)
   defining Unicode char U+00AC (decimal 172)
   defining Unicode char U+00AE (decimal 174)
   defining Unicode char U+00AF (decimal 175)
   defining Unicode char U+00B0 (decimal 176)
   defining Unicode char U+00B1 (decimal 177)
   defining Unicode char U+00B2 (decimal 178)
   defining Unicode char U+00B3 (decimal 179)
   defining Unicode char U+00B4 (decimal 180)
   defining Unicode char U+00B5 (decimal 181)
   defining Unicode char U+00B6 (decimal 182)
   defining Unicode char U+00B7 (decimal 183)
   defining Unicode char U+00B9 (decimal 185)
   defining Unicode char U+00BA (decimal 186)
   defining Unicode char U+00BC (decimal 188)
   defining Unicode char U+00BD (decimal 189)
   defining Unicode char U+00BE (decimal 190)
   defining Unicode char U+00D7 (decimal 215)
   defining Unicode char U+00F7 (decimal 247)
   defining Unicode char U+0192 (decimal 402)
   defining Unicode char U+02C7 (decimal 711)
   defining Unicode char U+02D8 (decimal 728)
   defining Unicode char U+02DD (decimal 733)
   defining Unicode char U+0E3F (decimal 3647)
   defining Unicode char U+2016 (decimal 8214)
   defining Unicode char U+2020 (decimal 8224)
   defining Unicode char U+2021 (decimal 8225)
   defining Unicode char U+2022 (decimal 8226)
   defining Unicode char U+2030 (decimal 8240)
   defining Unicode char U+2031 (decimal 8241)
   defining Unicode char U+203B (decimal 8251)
   defining Unicode char U+203D (decimal 8253)
   defining Unicode char U+2044 (decimal 8260)
   defining Unicode char U+204E (decimal 8270)
   defining Unicode char U+2052 (decimal 8274)
   defining Unicode char U+20A1 (decimal 8353)
   defining Unicode char U+20A4 (decimal 8356)
   defining Unicode char U+20A6 (decimal 8358)
   defining Unicode char U+20A9 (decimal 8361)
   defining Unicode char U+20AB (decimal 8363)
   defining Unicode char U+20AC (decimal 8364)
   defining Unicode char U+20B1 (decimal 8369)
   defining Unicode char U+2103 (decimal 8451)
   defining Unicode char U+2116 (decimal 8470)
   defining Unicode char U+2117 (decimal 8471)
   defining Unicode char U+211E (decimal 8478)
   defining Unicode char U+2120 (decimal 8480)
   defining Unicode char U+2122 (decimal 8482)
   defining Unicode char U+2126 (decimal 8486)
   defining Unicode char U+2127 (decimal 8487)
   defining Unicode char U+212E (decimal 8494)
   defining Unicode char U+2190 (decimal 8592)
   defining Unicode char U+2191 (decimal 8593)
   defining Unicode char U+2192 (decimal 8594)
   defining Unicode char U+2193 (decimal 8595)
   defining Unicode char U+2329 (decimal 9001)
   defining Unicode char U+232A (decimal 9002)
   defining Unicode char U+2422 (decimal 9250)
   defining Unicode char U+25E6 (decimal 9702)
   defining Unicode char U+25EF (decimal 9711)
   defining Unicode char U+266A (decimal 9834)
   defining Unicode char U+FEFF (decimal 65279)
)))
\glswrite=\write3
\glo@main@file=\write4
\openout4 = `Entwurfsdokument_View.glo'.

Package glossaries Info: Writing glossary file Entwurfsdokument_View.glo on inp
ut line 33.

(Entwurfsdokument_View.aux)
\openout1 = `Entwurfsdokument_View.aux'.

LaTeX Font Info:    Checking defaults for OML/cmm/m/it on input line 35.
LaTeX Font Info:    ... okay on input line 35.
LaTeX Font Info:    Checking defaults for T1/cmr/m/n on input line 35.
LaTeX Font Info:    ... okay on input line 35.
LaTeX Font Info:    Checking defaults for OT1/cmr/m/n on input line 35.
LaTeX Font Info:    ... okay on input line 35.
LaTeX Font Info:    Checking defaults for OMS/cmsy/m/n on input line 35.
LaTeX Font Info:    ... okay on input line 35.
LaTeX Font Info:    Checking defaults for OMX/cmex/m/n on input line 35.
LaTeX Font Info:    ... okay on input line 35.
LaTeX Font Info:    Checking defaults for U/cmr/m/n on input line 35.
LaTeX Font Info:    ... okay on input line 35.
LaTeX Font Info:    Checking defaults for PD1/pdf/m/n on input line 35.
LaTeX Font Info:    ... okay on input line 35.
LaTeX Font Info:    Checking defaults for TS1/cmr/m/n on input line 35.
LaTeX Font Info:    ... okay on input line 35.

*geometry* driver: auto-detecting
*geometry* detected driver: pdftex
*geometry* verbose mode - [ preamble ] result:
* driver: pdftex
* paper: <default>
* layout: <same size as paper>
* layoutoffset:(h,v)=(0.0pt,0.0pt)
* modes: 
* h-part:(L,W,R)=(71.13188pt, 472.03123pt, 71.13188pt)
* v-part:(T,H,B)=(71.13188pt, 652.70622pt, 71.13188pt)
* \paperwidth=614.295pt
* \paperheight=794.96999pt
* \textwidth=472.03123pt
* \textheight=652.70622pt
* \oddsidemargin=-1.1381pt
* \evensidemargin=-1.1381pt
* \topmargin=-38.1381pt
* \headheight=12.0pt
* \headsep=25.0pt
* \topskip=10.0pt
* \footskip=30.0pt
* \marginparwidth=65.0pt
* \marginparsep=11.0pt
* \columnsep=10.0pt
* \skip\footins=9.0pt plus 4.0pt minus 2.0pt
* \hoffset=0.0pt
* \voffset=0.0pt
* \mag=1000
* \@twocolumnfalse
* \@twosidefalse
* \@mparswitchfalse
* \@reversemarginfalse
* (1in=72.27pt=25.4mm, 1cm=28.453pt)

\AtBeginShipoutBox=\box36
Package hyperref Info: Link coloring OFF on input line 35.
("C:\Program Files (x86)\MikTex\tex\latex\hyperref\nameref.sty"
Package: nameref 2016/05/21 v2.44 Cross-referencing by name of section

("C:\Program Files (x86)\MikTex\tex\generic\oberdiek\gettitlestring.sty"
Package: gettitlestring 2016/05/16 v1.5 Cleanup title references (HO)
)
\c@section@level=\count145
)
LaTeX Info: Redefining \ref on input line 35.
LaTeX Info: Redefining \pageref on input line 35.
LaTeX Info: Redefining \nameref on input line 35.

(Entwurfsdokument_View.out) (Entwurfsdokument_View.out)
\@outlinefile=\write5
\openout5 = `Entwurfsdokument_View.out'.


("C:\Program Files (x86)\MikTex\tex\context\base\supp-pdf.mkii"
[Loading MPS to PDF converter (version 2006.09.02).]
\scratchcounter=\count146
\scratchdimen=\dimen140
\scratchbox=\box37
\nofMPsegments=\count147
\nofMParguments=\count148
\everyMPshowfont=\toks37
\MPscratchCnt=\count149
\MPscratchDim=\dimen141
\MPnumerator=\count150
\makeMPintoPDFobject=\count151
\everyMPtoPDFconversion=\toks38
) ("C:\Program Files (x86)\MikTex\tex\latex\oberdiek\epstopdf-base.sty"
Package: epstopdf-base 2016/05/15 v2.6 Base part for package epstopdf

("C:\Program Files (x86)\MikTex\tex\latex\oberdiek\grfext.sty"
Package: grfext 2016/05/16 v1.2 Manage graphics extensions (HO)
)
Package epstopdf-base Info: Redefining graphics rule for `.eps' on input line 4
38.
Package grfext Info: Graphics extension search list:
(grfext)             [.pdf,.png,.jpg,.mps,.jpeg,.jbig2,.jb2,.PDF,.PNG,.JPG,.JPE
G,.JBIG2,.JB2,.eps]
(grfext)             \AppendGraphicsExtensions on input line 456.
)
Package babel Info: Redefining german shorthand "f
(babel)             in language  on input line 36.
Package babel Info: Redefining german shorthand "|
(babel)             in language  on input line 36.
Package babel Info: Redefining german shorthand "~
(babel)             in language  on input line 36.
Package babel Info: Redefining german shorthand "f
(babel)             in language  on input line 37.
Package babel Info: Redefining german shorthand "|
(babel)             in language  on input line 37.
Package babel Info: Redefining german shorthand "~
(babel)             in language  on input line 37.
Package babel Info: Redefining german shorthand "f
(babel)             in language  on input line 40.
Package babel Info: Redefining german shorthand "|
(babel)             in language  on input line 40.
Package babel Info: Redefining german shorthand "~
(babel)             in language  on input line 40.
Package babel Info: Redefining german shorthand "f
(babel)             in language  on input line 41.
Package babel Info: Redefining german shorthand "|
(babel)             in language  on input line 41.
Package babel Info: Redefining german shorthand "~
(babel)             in language  on input line 41.
Package babel Info: Redefining german shorthand "f
(babel)             in language  on input line 99.
Package babel Info: Redefining german shorthand "|
(babel)             in language  on input line 99.
Package babel Info: Redefining german shorthand "~
(babel)             in language  on input line 99.
Package babel Info: Redefining german shorthand "f
(babel)             in language  on input line 99.
Package babel Info: Redefining german shorthand "|
(babel)             in language  on input line 99.
Package babel Info: Redefining german shorthand "~
(babel)             in language  on input line 99.
 [1

\openout3 = `Entwurfsdokument_View.ist'.

{C:/Users/Jonas/AppData/Local/MiKTeX/2.9/pdftex/config/pdftex.map}]
Package babel Info: Redefining german shorthand "f
(babel)             in language  on input line 100.
Package babel Info: Redefining german shorthand "|
(babel)             in language  on input line 100.
Package babel Info: Redefining german shorthand "~
(babel)             in language  on input line 100.
Package babel Info: Redefining german shorthand "f
(babel)             in language  on input line 121.
Package babel Info: Redefining german shorthand "|
(babel)             in language  on input line 121.
Package babel Info: Redefining german shorthand "~
(babel)             in language  on input line 121.
Package babel Info: Redefining german shorthand "f
(babel)             in language  on input line 124.
Package babel Info: Redefining german shorthand "|
(babel)             in language  on input line 124.
Package babel Info: Redefining german shorthand "~
(babel)             in language  on input line 124.
Package babel Info: Redefining german shorthand "f
(babel)             in language  on input line 125.
Package babel Info: Redefining german shorthand "|
(babel)             in language  on input line 125.
Package babel Info: Redefining german shorthand "~
(babel)             in language  on input line 125.
Package babel Info: Redefining german shorthand "f
(babel)             in language  on input line 146.
Package babel Info: Redefining german shorthand "|
(babel)             in language  on input line 146.
Package babel Info: Redefining german shorthand "~
(babel)             in language  on input line 146.
LaTeX Font Info:    Try loading font information for OMS+cmr on input line 149.


("C:\Program Files (x86)\MikTex\tex\latex\base\omscmr.fd"
File: omscmr.fd 2014/09/29 v2.5h Standard LaTeX font definitions
)
LaTeX Font Info:    Font shape `OMS/cmr/m/n' in size <10> not available
(Font)              Font shape `OMS/cmsy/m/n' tried instead on input line 149.
Package babel Info: Redefining german shorthand "f
(babel)             in language  on input line 161.
Package babel Info: Redefining german shorthand "|
(babel)             in language  on input line 161.
Package babel Info: Redefining german shorthand "~
(babel)             in language  on input line 161.
Package babel Info: Redefining german shorthand "f
(babel)             in language  on input line 161.
Package babel Info: Redefining german shorthand "|
(babel)             in language  on input line 161.
Package babel Info: Redefining german shorthand "~
(babel)             in language  on input line 161.
 [2]
Package babel Info: Redefining german shorthand "f
(babel)             in language  on input line 162.
Package babel Info: Redefining german shorthand "|
(babel)             in language  on input line 162.
Package babel Info: Redefining german shorthand "~
(babel)             in language  on input line 162.
Package babel Info: Redefining german shorthand "f
(babel)             in language  on input line 183.
Package babel Info: Redefining german shorthand "|
(babel)             in language  on input line 183.
Package babel Info: Redefining german shorthand "~
(babel)             in language  on input line 183.
Package babel Info: Redefining german shorthand "f
(babel)             in language  on input line 193.
Package babel Info: Redefining german shorthand "|
(babel)             in language  on input line 193.
Package babel Info: Redefining german shorthand "~
(babel)             in language  on input line 193.
Package babel Info: Redefining german shorthand "f
(babel)             in language  on input line 196.
Package babel Info: Redefining german shorthand "|
(babel)             in language  on input line 196.
Package babel Info: Redefining german shorthand "~
(babel)             in language  on input line 196.
Package babel Info: Redefining german shorthand "f
(babel)             in language  on input line 199.
Package babel Info: Redefining german shorthand "|
(babel)             in language  on input line 199.
Package babel Info: Redefining german shorthand "~
(babel)             in language  on input line 199.

Overfull \hbox (17.828pt too wide) in paragraph at lines 206--209
[]\T1/cmr/m/n/10 This Class is not ma-de by our-self. @au-t-hor https://www.pix
elduke.com/2012/09/16/zooming-inside-a-scrollpane/ 
 []

Package babel Info: Redefining german shorthand "f
(babel)             in language  on input line 212.
Package babel Info: Redefining german shorthand "|
(babel)             in language  on input line 212.
Package babel Info: Redefining german shorthand "~
(babel)             in language  on input line 212.
Package babel Info: Redefining german shorthand "f
(babel)             in language  on input line 212.
Package babel Info: Redefining german shorthand "|
(babel)             in language  on input line 212.
Package babel Info: Redefining german shorthand "~
(babel)             in language  on input line 212.
[3]
Package babel Info: Redefining german shorthand "f
(babel)             in language  on input line 213.
Package babel Info: Redefining german shorthand "|
(babel)             in language  on input line 213.
Package babel Info: Redefining german shorthand "~
(babel)             in language  on input line 213.
Package babel Info: Redefining german shorthand "f
(babel)             in language  on input line 220.
Package babel Info: Redefining german shorthand "|
(babel)             in language  on input line 220.
Package babel Info: Redefining german shorthand "~
(babel)             in language  on input line 220.
Package babel Info: Redefining german shorthand "f
(babel)             in language  on input line 223.
Package babel Info: Redefining german shorthand "|
(babel)             in language  on input line 223.
Package babel Info: Redefining german shorthand "~
(babel)             in language  on input line 223.

Underfull \hbox (badness 10000) in paragraph at lines 224--227

 []


Underfull \hbox (badness 10000) in paragraph at lines 252--262

 []


Underfull \hbox (badness 10000) in paragraph at lines 263--267

 []


Underfull \hbox (badness 10000) in paragraph at lines 268--276

 []


Underfull \hbox (badness 10000) in paragraph at lines 280--287

 []

Package babel Info: Redefining german shorthand "f
(babel)             in language  on input line 287.
Package babel Info: Redefining german shorthand "|
(babel)             in language  on input line 287.
Package babel Info: Redefining german shorthand "~
(babel)             in language  on input line 287.
Package babel Info: Redefining german shorthand "f
(babel)             in language  on input line 287.
Package babel Info: Redefining german shorthand "|
(babel)             in language  on input line 287.
Package babel Info: Redefining german shorthand "~
(babel)             in language  on input line 287.
[4]
Underfull \hbox (badness 10000) in paragraph at lines 293--300

 []


Underfull \hbox (badness 10000) in paragraph at lines 304--311

 []


Underfull \hbox (badness 10000) in paragraph at lines 312--319

 []


Underfull \hbox (badness 10000) in paragraph at lines 320--324

 []


Underfull \hbox (badness 10000) in paragraph at lines 325--332

 []


Underfull \hbox (badness 10000) in paragraph at lines 333--340

 []


Underfull \hbox (badness 10000) in paragraph at lines 341--348

 []

Package babel Info: Redefining german shorthand "f
(babel)             in language  on input line 350.
Package babel Info: Redefining german shorthand "|
(babel)             in language  on input line 350.
Package babel Info: Redefining german shorthand "~
(babel)             in language  on input line 350.
Package babel Info: Redefining german shorthand "f
(babel)             in language  on input line 355.
Package babel Info: Redefining german shorthand "|
(babel)             in language  on input line 355.
Package babel Info: Redefining german shorthand "~
(babel)             in language  on input line 355.

Underfull \hbox (badness 10000) in paragraph at lines 356--359

 []

Package babel Info: Redefining german shorthand "f
(babel)             in language  on input line 359.
Package babel Info: Redefining german shorthand "|
(babel)             in language  on input line 359.
Package babel Info: Redefining german shorthand "~
(babel)             in language  on input line 359.
Package babel Info: Redefining german shorthand "f
(babel)             in language  on input line 359.
Package babel Info: Redefining german shorthand "|
(babel)             in language  on input line 359.
Package babel Info: Redefining german shorthand "~
(babel)             in language  on input line 359.
[5]
Underfull \hbox (badness 10000) in paragraph at lines 367--372

 []


Underfull \hbox (badness 10000) in paragraph at lines 373--382

 []


Underfull \hbox (badness 10000) in paragraph at lines 383--388

 []


Underfull \hbox (badness 10000) in paragraph at lines 392--398

 []


Underfull \hbox (badness 10000) in paragraph at lines 403--412

 []

Package babel Info: Redefining german shorthand "f
(babel)             in language  on input line 414.
Package babel Info: Redefining german shorthand "|
(babel)             in language  on input line 414.
Package babel Info: Redefining german shorthand "~
(babel)             in language  on input line 414.
Package babel Info: Redefining german shorthand "f
(babel)             in language  on input line 417.
Package babel Info: Redefining german shorthand "|
(babel)             in language  on input line 417.
Package babel Info: Redefining german shorthand "~
(babel)             in language  on input line 417.

Underfull \hbox (badness 10000) in paragraph at lines 418--425

 []

Package babel Info: Redefining german shorthand "f
(babel)             in language  on input line 426.
Package babel Info: Redefining german shorthand "|
(babel)             in language  on input line 426.
Package babel Info: Redefining german shorthand "~
(babel)             in language  on input line 426.
Package babel Info: Redefining german shorthand "f
(babel)             in language  on input line 426.
Package babel Info: Redefining german shorthand "|
(babel)             in language  on input line 426.
Package babel Info: Redefining german shorthand "~
(babel)             in language  on input line 426.
[6]
Package babel Info: Redefining german shorthand "f
(babel)             in language  on input line 435.
Package babel Info: Redefining german shorthand "|
(babel)             in language  on input line 435.
Package babel Info: Redefining german shorthand "~
(babel)             in language  on input line 435.

Underfull \hbox (badness 10000) in paragraph at lines 436--440

 []


Underfull \hbox (badness 10000) in paragraph at lines 442--447

 []


Underfull \hbox (badness 10000) in paragraph at lines 451--462

 []

Package babel Info: Redefining german shorthand "f
(babel)             in language  on input line 464.
Package babel Info: Redefining german shorthand "|
(babel)             in language  on input line 464.
Package babel Info: Redefining german shorthand "~
(babel)             in language  on input line 464.

Underfull \hbox (badness 10000) in paragraph at lines 469--471

 []


Underfull \hbox (badness 10000) in paragraph at lines 482--488

 []


Underfull \hbox (badness 10000) in paragraph at lines 489--493

 []


Underfull \hbox (badness 10000) in paragraph at lines 494--501

 []

Package babel Info: Redefining german shorthand "f
(babel)             in language  on input line 503.
Package babel Info: Redefining german shorthand "|
(babel)             in language  on input line 503.
Package babel Info: Redefining german shorthand "~
(babel)             in language  on input line 503.
Package babel Info: Redefining german shorthand "f
(babel)             in language  on input line 505.
Package babel Info: Redefining german shorthand "|
(babel)             in language  on input line 505.
Package babel Info: Redefining german shorthand "~
(babel)             in language  on input line 505.

Underfull \hbox (badness 10000) in paragraph at lines 506--510

 []

Package babel Info: Redefining german shorthand "f
(babel)             in language  on input line 510.
Package babel Info: Redefining german shorthand "|
(babel)             in language  on input line 510.
Package babel Info: Redefining german shorthand "~
(babel)             in language  on input line 510.
Package babel Info: Redefining german shorthand "f
(babel)             in language  on input line 510.
Package babel Info: Redefining german shorthand "|
(babel)             in language  on input line 510.
Package babel Info: Redefining german shorthand "~
(babel)             in language  on input line 510.
[7]
Underfull \hbox (badness 10000) in paragraph at lines 522--529

 []


Underfull \hbox (badness 10000) in paragraph at lines 530--537

 []


Underfull \hbox (badness 10000) in paragraph at lines 538--546

 []

Package babel Info: Redefining german shorthand "f
(babel)             in language  on input line 548.
Package babel Info: Redefining german shorthand "|
(babel)             in language  on input line 548.
Package babel Info: Redefining german shorthand "~
(babel)             in language  on input line 548.

Underfull \hbox (badness 10000) in paragraph at lines 552--554

 []


Underfull \hbox (badness 10000) in paragraph at lines 579--582

 []


Underfull \hbox (badness 10000) in paragraph at lines 586--592

 []

Package babel Info: Redefining german shorthand "f
(babel)             in language  on input line 592.
Package babel Info: Redefining german shorthand "|
(babel)             in language  on input line 592.
Package babel Info: Redefining german shorthand "~
(babel)             in language  on input line 592.
Package babel Info: Redefining german shorthand "f
(babel)             in language  on input line 592.
Package babel Info: Redefining german shorthand "|
(babel)             in language  on input line 592.
Package babel Info: Redefining german shorthand "~
(babel)             in language  on input line 592.
[8]
Underfull \hbox (badness 10000) in paragraph at lines 593--600

 []


Underfull \hbox (badness 10000) in paragraph at lines 601--608

 []


Underfull \hbox (badness 10000) in paragraph at lines 609--617

 []

Package babel Info: Redefining german shorthand "f
(babel)             in language  on input line 619.
Package babel Info: Redefining german shorthand "|
(babel)             in language  on input line 619.
Package babel Info: Redefining german shorthand "~
(babel)             in language  on input line 619.

Underfull \hbox (badness 10000) in paragraph at lines 620--624

 []


Underfull \hbox (badness 10000) in paragraph at lines 635--642

 []


Underfull \hbox (badness 10000) in paragraph at lines 643--653

 []


Underfull \hbox (badness 10000) in paragraph at lines 654--661

 []


Underfull \hbox (badness 10000) in paragraph at lines 662--670

 []

Package babel Info: Redefining german shorthand "f
(babel)             in language  on input line 672.
Package babel Info: Redefining german shorthand "|
(babel)             in language  on input line 672.
Package babel Info: Redefining german shorthand "~
(babel)             in language  on input line 672.

Underfull \hbox (badness 10000) in paragraph at lines 673--677

 []

Package babel Info: Redefining german shorthand "f
(babel)             in language  on input line 677.
Package babel Info: Redefining german shorthand "|
(babel)             in language  on input line 677.
Package babel Info: Redefining german shorthand "~
(babel)             in language  on input line 677.
Package babel Info: Redefining german shorthand "f
(babel)             in language  on input line 677.
Package babel Info: Redefining german shorthand "|
(babel)             in language  on input line 677.
Package babel Info: Redefining german shorthand "~
(babel)             in language  on input line 677.
[9]
Underfull \hbox (badness 10000) in paragraph at lines 708--714

 []


Underfull \hbox (badness 10000) in paragraph at lines 715--722

 []


Underfull \hbox (badness 10000) in paragraph at lines 723--730

 []


Underfull \hbox (badness 10000) in paragraph at lines 731--739

 []

Package babel Info: Redefining german shorthand "f
(babel)             in language  on input line 741.
Package babel Info: Redefining german shorthand "|
(babel)             in language  on input line 741.
Package babel Info: Redefining german shorthand "~
(babel)             in language  on input line 741.

Underfull \hbox (badness 10000) in paragraph at lines 751--754

 []

Package babel Info: Redefining german shorthand "f
(babel)             in language  on input line 762.
Package babel Info: Redefining german shorthand "|
(babel)             in language  on input line 762.
Package babel Info: Redefining german shorthand "~
(babel)             in language  on input line 762.
Package babel Info: Redefining german shorthand "f
(babel)             in language  on input line 762.
Package babel Info: Redefining german shorthand "|
(babel)             in language  on input line 762.
Package babel Info: Redefining german shorthand "~
(babel)             in language  on input line 762.
[10]
Underfull \hbox (badness 10000) in paragraph at lines 769--773

 []


Underfull \hbox (badness 10000) in paragraph at lines 774--781

 []


Underfull \hbox (badness 10000) in paragraph at lines 787--791

 []


Underfull \hbox (badness 10000) in paragraph at lines 797--807

 []


Underfull \hbox (badness 10000) in paragraph at lines 811--817

 []


Underfull \hbox (badness 10000) in paragraph at lines 821--827

 []


Underfull \hbox (badness 10000) in paragraph at lines 843--846

 []

Package babel Info: Redefining german shorthand "f
(babel)             in language  on input line 846.
Package babel Info: Redefining german shorthand "|
(babel)             in language  on input line 846.
Package babel Info: Redefining german shorthand "~
(babel)             in language  on input line 846.
Package babel Info: Redefining german shorthand "f
(babel)             in language  on input line 846.
Package babel Info: Redefining german shorthand "|
(babel)             in language  on input line 846.
Package babel Info: Redefining german shorthand "~
(babel)             in language  on input line 846.
[11]
Underfull \hbox (badness 10000) in paragraph at lines 850--856

 []


Underfull \hbox (badness 10000) in paragraph at lines 860--866

 []


Underfull \hbox (badness 10000) in paragraph at lines 870--876

 []


Underfull \hbox (badness 10000) in paragraph at lines 880--887

 []


Underfull \hbox (badness 10000) in paragraph at lines 888--895

 []


Underfull \hbox (badness 10000) in paragraph at lines 896--903

 []


Underfull \hbox (badness 10000) in paragraph at lines 904--911

 []


Underfull \hbox (badness 10000) in paragraph at lines 915--922

 []


Underfull \hbox (badness 10000) in paragraph at lines 926--935

 []

Package babel Info: Redefining german shorthand "f
(babel)             in language  on input line 935.
Package babel Info: Redefining german shorthand "|
(babel)             in language  on input line 935.
Package babel Info: Redefining german shorthand "~
(babel)             in language  on input line 935.
Package babel Info: Redefining german shorthand "f
(babel)             in language  on input line 935.
Package babel Info: Redefining german shorthand "|
(babel)             in language  on input line 935.
Package babel Info: Redefining german shorthand "~
(babel)             in language  on input line 935.
[12]
Package babel Info: Redefining german shorthand "f
(babel)             in language  on input line 937.
Package babel Info: Redefining german shorthand "|
(babel)             in language  on input line 937.
Package babel Info: Redefining german shorthand "~
(babel)             in language  on input line 937.
Package babel Info: Redefining german shorthand "f
(babel)             in language  on input line 941.
Package babel Info: Redefining german shorthand "|
(babel)             in language  on input line 941.
Package babel Info: Redefining german shorthand "~
(babel)             in language  on input line 941.

Underfull \hbox (badness 10000) in paragraph at lines 946--947

 []


Underfull \hbox (badness 10000) in paragraph at lines 959--964

 []


Underfull \hbox (badness 10000) in paragraph at lines 965--974

 []


Underfull \hbox (badness 10000) in paragraph at lines 975--982

 []


Underfull \hbox (badness 10000) in paragraph at lines 986--989

 []


Underfull \hbox (badness 10000) in paragraph at lines 993--1003

 []


Underfull \hbox (badness 10000) in paragraph at lines 1004--1008

 []

Package babel Info: Redefining german shorthand "f
(babel)             in language  on input line 1008.
Package babel Info: Redefining german shorthand "|
(babel)             in language  on input line 1008.
Package babel Info: Redefining german shorthand "~
(babel)             in language  on input line 1008.
Package babel Info: Redefining german shorthand "f
(babel)             in language  on input line 1008.
Package babel Info: Redefining german shorthand "|
(babel)             in language  on input line 1008.
Package babel Info: Redefining german shorthand "~
(babel)             in language  on input line 1008.
[13]
Package babel Info: Redefining german shorthand "f
(babel)             in language  on input line 1011.
Package babel Info: Redefining german shorthand "|
(babel)             in language  on input line 1011.
Package babel Info: Redefining german shorthand "~
(babel)             in language  on input line 1011.
Package babel Info: Redefining german shorthand "f
(babel)             in language  on input line 1019.
Package babel Info: Redefining german shorthand "|
(babel)             in language  on input line 1019.
Package babel Info: Redefining german shorthand "~
(babel)             in language  on input line 1019.
Package babel Info: Redefining german shorthand "f
(babel)             in language  on input line 1022.
Package babel Info: Redefining german shorthand "|
(babel)             in language  on input line 1022.
Package babel Info: Redefining german shorthand "~
(babel)             in language  on input line 1022.
Package babel Info: Redefining german shorthand "f
(babel)             in language  on input line 1023.
Package babel Info: Redefining german shorthand "|
(babel)             in language  on input line 1023.
Package babel Info: Redefining german shorthand "~
(babel)             in language  on input line 1023.

Overfull \hbox (7.50444pt too wide) in paragraph at lines 1025--1029
\T1/cmr/m/n/10 Der Graphic-Controller oder un-ter Ja-vaFx üb-li-cher-wei-se auc
h Fx-Con-trol-ler ist der Teil ei-nes JavaFx-Programms
 []

Package babel Info: Redefining german shorthand "f
(babel)             in language  on input line 1030.
Package babel Info: Redefining german shorthand "|
(babel)             in language  on input line 1030.
Package babel Info: Redefining german shorthand "~
(babel)             in language  on input line 1030.
Package babel Info: Redefining german shorthand "f
(babel)             in language  on input line 1034.
Package babel Info: Redefining german shorthand "|
(babel)             in language  on input line 1034.
Package babel Info: Redefining german shorthand "~
(babel)             in language  on input line 1034.
Package babel Info: Redefining german shorthand "f
(babel)             in language  on input line 1039.
Package babel Info: Redefining german shorthand "|
(babel)             in language  on input line 1039.
Package babel Info: Redefining german shorthand "~
(babel)             in language  on input line 1039.
Package babel Info: Redefining german shorthand "f
(babel)             in language  on input line 1043.
Package babel Info: Redefining german shorthand "|
(babel)             in language  on input line 1043.
Package babel Info: Redefining german shorthand "~
(babel)             in language  on input line 1043.
Package babel Info: Redefining german shorthand "f
(babel)             in language  on input line 1046.
Package babel Info: Redefining german shorthand "|
(babel)             in language  on input line 1046.
Package babel Info: Redefining german shorthand "~
(babel)             in language  on input line 1046.
Package babel Info: Redefining german shorthand "f
(babel)             in language  on input line 1059.
Package babel Info: Redefining german shorthand "|
(babel)             in language  on input line 1059.
Package babel Info: Redefining german shorthand "~
(babel)             in language  on input line 1059.
Package babel Info: Redefining german shorthand "f
(babel)             in language  on input line 1059.
Package babel Info: Redefining german shorthand "|
(babel)             in language  on input line 1059.
Package babel Info: Redefining german shorthand "~
(babel)             in language  on input line 1059.
[14]
Underfull \hbox (badness 10000) in paragraph at lines 1077--1082

 []


Overfull \hbox (30.07834pt too wide) in paragraph at lines 1083--1097
[]\T1/cmr/bx/n/10 MouseController(onMousePressedEventHandler : ja-vafx.event.Ev
entHandler<MouseHandler>,
 []


Overfull \hbox (0.79832pt too wide) in paragraph at lines 1083--1097
\T1/cmr/bx/n/10 @param on-Mou-se-Drag-ge-dE-vent-Hand-ler \T1/cmr/m/n/10 The Mo
u-seHand-ler for the onDragged-Action that should
 []


Overfull \hbox (4.05586pt too wide) in paragraph at lines 1083--1097
\T1/cmr/bx/n/10 @param on-Mou-se-Re-lea-se-dE-vent-Hand-ler \T1/cmr/m/n/10 The 
Mou-seHand-ler for the onReleased-Action that should
 []


Underfull \hbox (badness 10000) in paragraph at lines 1083--1097

 []


Overfull \hbox (117.45006pt too wide) in paragraph at lines 1098--1105
[]\T1/cmr/bx/n/10 setOnMousePressedEventHandler(onMousePressedEventHandler : ja
-vafx.event.EventHandler<MouseHandler>) 
 []


Underfull \hbox (badness 10000) in paragraph at lines 1098--1105

 []


Overfull \hbox (124.85936pt too wide) in paragraph at lines 1106--1113
[]\T1/cmr/bx/n/10 setOnMouseDraggedEventHandler(onMouseDraggedEventHandler : ja
-vafx.event.EventHandler<MouseHandler>) 
 []


Underfull \hbox (badness 10000) in paragraph at lines 1106--1113

 []


Overfull \hbox (128.5418pt too wide) in paragraph at lines 1114--1121
[]\T1/cmr/bx/n/10 setOnMouseReleasedEventHandler(onMouseReleasedEventHandler : 
ja-vafx.event.EventHandler<MouseHandler>) 
 []


Underfull \hbox (badness 10000) in paragraph at lines 1114--1121

 []

Package babel Info: Redefining german shorthand "f
(babel)             in language  on input line 1123.
Package babel Info: Redefining german shorthand "|
(babel)             in language  on input line 1123.
Package babel Info: Redefining german shorthand "~
(babel)             in language  on input line 1123.

Underfull \hbox (badness 10000) in paragraph at lines 1140--1149

 []

Package babel Info: Redefining german shorthand "f
(babel)             in language  on input line 1149.
Package babel Info: Redefining german shorthand "|
(babel)             in language  on input line 1149.
Package babel Info: Redefining german shorthand "~
(babel)             in language  on input line 1149.
Package babel Info: Redefining german shorthand "f
(babel)             in language  on input line 1149.
Package babel Info: Redefining german shorthand "|
(babel)             in language  on input line 1149.
Package babel Info: Redefining german shorthand "~
(babel)             in language  on input line 1149.
[15]
Overfull \hbox (99.02678pt too wide) in paragraph at lines 1150--1168
[]\T1/cmr/bx/n/10 MouseControllerGraphDrawer(onMousePressedEventHandler : ja-va
fx.event.EventHandler<MouseHandler>,
 []


Overfull \hbox (9.7523pt too wide) in paragraph at lines 1150--1168
\T1/cmr/bx/n/10 Re-lea-se-dE-vent-Hand-ler : ja-vafx.event.EventHandler<MouseHa
ndler>, graph : Vi-sual-Graph) 
 []


Overfull \hbox (0.79832pt too wide) in paragraph at lines 1150--1168
\T1/cmr/bx/n/10 @param on-Mou-se-Drag-ge-dE-vent-Hand-ler \T1/cmr/m/n/10 The Mo
u-seHand-ler for the onDragged-Action that should
 []


Overfull \hbox (4.05586pt too wide) in paragraph at lines 1150--1168
\T1/cmr/bx/n/10 @param on-Mou-se-Re-lea-se-dE-vent-Hand-ler \T1/cmr/m/n/10 The 
Mou-seHand-ler for the onReleased-Action that should
 []


Underfull \hbox (badness 10000) in paragraph at lines 1150--1168

 []


Underfull \hbox (badness 10000) in paragraph at lines 1169--1176

 []

Package babel Info: Redefining german shorthand "f
(babel)             in language  on input line 1178.
Package babel Info: Redefining german shorthand "|
(babel)             in language  on input line 1178.
Package babel Info: Redefining german shorthand "~
(babel)             in language  on input line 1178.
Package babel Info: Redefining german shorthand "f
(babel)             in language  on input line 1181.
Package babel Info: Redefining german shorthand "|
(babel)             in language  on input line 1181.
Package babel Info: Redefining german shorthand "~
(babel)             in language  on input line 1181.
Package babel Info: Redefining german shorthand "f
(babel)             in language  on input line 1209.
Package babel Info: Redefining german shorthand "|
(babel)             in language  on input line 1209.
Package babel Info: Redefining german shorthand "~
(babel)             in language  on input line 1209.
Package babel Info: Redefining german shorthand "f
(babel)             in language  on input line 1213.
Package babel Info: Redefining german shorthand "|
(babel)             in language  on input line 1213.
Package babel Info: Redefining german shorthand "~
(babel)             in language  on input line 1213.
Package babel Info: Redefining german shorthand "f
(babel)             in language  on input line 1219.
Package babel Info: Redefining german shorthand "|
(babel)             in language  on input line 1219.
Package babel Info: Redefining german shorthand "~
(babel)             in language  on input line 1219.
Package babel Info: Redefining german shorthand "f
(babel)             in language  on input line 1219.
Package babel Info: Redefining german shorthand "|
(babel)             in language  on input line 1219.
Package babel Info: Redefining german shorthand "~
(babel)             in language  on input line 1219.
[16]
Underfull \hbox (badness 10000) in paragraph at lines 1249--1253

 []


Underfull \hbox (badness 10000) in paragraph at lines 1254--1262

 []

Package babel Info: Redefining german shorthand "f
(babel)             in language  on input line 1269.
Package babel Info: Redefining german shorthand "|
(babel)             in language  on input line 1269.
Package babel Info: Redefining german shorthand "~
(babel)             in language  on input line 1269.
Package babel Info: Redefining german shorthand "f
(babel)             in language  on input line 1297.
Package babel Info: Redefining german shorthand "|
(babel)             in language  on input line 1297.
Package babel Info: Redefining german shorthand "~
(babel)             in language  on input line 1297.
Package babel Info: Redefining german shorthand "f
(babel)             in language  on input line 1297.
Package babel Info: Redefining german shorthand "|
(babel)             in language  on input line 1297.
Package babel Info: Redefining german shorthand "~
(babel)             in language  on input line 1297.
[17]
Underfull \hbox (badness 10000) in paragraph at lines 1311--1323

 []


Underfull \hbox (badness 10000) in paragraph at lines 1324--1328

 []


Underfull \hbox (badness 10000) in paragraph at lines 1333--1336

 []


Underfull \hbox (badness 10000) in paragraph at lines 1340--1344

 []

Package babel Info: Redefining german shorthand "f
(babel)             in language  on input line 1351.
Package babel Info: Redefining german shorthand "|
(babel)             in language  on input line 1351.
Package babel Info: Redefining german shorthand "~
(babel)             in language  on input line 1351.

Underfull \hbox (badness 10000) in paragraph at lines 1364--1370

 []


Underfull \hbox (badness 10000) in paragraph at lines 1371--1376

 []

Package babel Info: Redefining german shorthand "f
(babel)             in language  on input line 1376.
Package babel Info: Redefining german shorthand "|
(babel)             in language  on input line 1376.
Package babel Info: Redefining german shorthand "~
(babel)             in language  on input line 1376.
Package babel Info: Redefining german shorthand "f
(babel)             in language  on input line 1376.
Package babel Info: Redefining german shorthand "|
(babel)             in language  on input line 1376.
Package babel Info: Redefining german shorthand "~
(babel)             in language  on input line 1376.
[18]
Underfull \hbox (badness 10000) in paragraph at lines 1377--1381

 []


Underfull \hbox (badness 10000) in paragraph at lines 1382--1389

 []

Package babel Info: Redefining german shorthand "f
(babel)             in language  on input line 1391.
Package babel Info: Redefining german shorthand "|
(babel)             in language  on input line 1391.
Package babel Info: Redefining german shorthand "~
(babel)             in language  on input line 1391.

Underfull \hbox (badness 10000) in paragraph at lines 1406--1413

 []


Underfull \hbox (badness 10000) in paragraph at lines 1414--1418

 []


Underfull \hbox (badness 10000) in paragraph at lines 1419--1423

 []


Underfull \hbox (badness 10000) in paragraph at lines 1424--1431

 []

Package babel Info: Redefining german shorthand "f
(babel)             in language  on input line 1433.
Package babel Info: Redefining german shorthand "|
(babel)             in language  on input line 1433.
Package babel Info: Redefining german shorthand "~
(babel)             in language  on input line 1433.
Package babel Info: Redefining german shorthand "f
(babel)             in language  on input line 1455.
Package babel Info: Redefining german shorthand "|
(babel)             in language  on input line 1455.
Package babel Info: Redefining german shorthand "~
(babel)             in language  on input line 1455.
Package babel Info: Redefining german shorthand "f
(babel)             in language  on input line 1455.
Package babel Info: Redefining german shorthand "|
(babel)             in language  on input line 1455.
Package babel Info: Redefining german shorthand "~
(babel)             in language  on input line 1455.
[19]
Underfull \hbox (badness 10000) in paragraph at lines 1495--1499

 []


Underfull \hbox (badness 10000) in paragraph at lines 1507--1510

 []


Underfull \hbox (badness 10000) in paragraph at lines 1514--1518

 []


Underfull \hbox (badness 10000) in paragraph at lines 1522--1527

 []

Package babel Info: Redefining german shorthand "f
(babel)             in language  on input line 1527.
Package babel Info: Redefining german shorthand "|
(babel)             in language  on input line 1527.
Package babel Info: Redefining german shorthand "~
(babel)             in language  on input line 1527.
Package babel Info: Redefining german shorthand "f
(babel)             in language  on input line 1527.
Package babel Info: Redefining german shorthand "|
(babel)             in language  on input line 1527.
Package babel Info: Redefining german shorthand "~
(babel)             in language  on input line 1527.
[20]
Underfull \hbox (badness 10000) in paragraph at lines 1531--1536

 []


Underfull \hbox (badness 10000) in paragraph at lines 1540--1544

 []


Underfull \hbox (badness 10000) in paragraph at lines 1548--1552

 []


Underfull \hbox (badness 10000) in paragraph at lines 1556--1560

 []


Underfull \hbox (badness 10000) in paragraph at lines 1564--1568

 []


Underfull \hbox (badness 10000) in paragraph at lines 1572--1576

 []


Underfull \hbox (badness 10000) in paragraph at lines 1580--1584

 []


Underfull \hbox (badness 10000) in paragraph at lines 1588--1592

 []

Package babel Info: Redefining german shorthand "f
(babel)             in language  on input line 1596.
Package babel Info: Redefining german shorthand "|
(babel)             in language  on input line 1596.
Package babel Info: Redefining german shorthand "~
(babel)             in language  on input line 1596.
Package babel Info: Redefining german shorthand "f
(babel)             in language  on input line 1596.
Package babel Info: Redefining german shorthand "|
(babel)             in language  on input line 1596.
Package babel Info: Redefining german shorthand "~
(babel)             in language  on input line 1596.
[21]
Underfull \hbox (badness 10000) in paragraph at lines 1596--1600

 []


Underfull \hbox (badness 10000) in paragraph at lines 1604--1608

 []


Underfull \hbox (badness 10000) in paragraph at lines 1612--1616

 []


Underfull \hbox (badness 10000) in paragraph at lines 1620--1623

 []


Underfull \hbox (badness 10000) in paragraph at lines 1624--1631

 []


Underfull \hbox (badness 10000) in paragraph at lines 1632--1640

 []

Package babel Info: Redefining german shorthand "f
(babel)             in language  on input line 1642.
Package babel Info: Redefining german shorthand "|
(babel)             in language  on input line 1642.
Package babel Info: Redefining german shorthand "~
(babel)             in language  on input line 1642.
Package babel Info: Redefining german shorthand "f
(babel)             in language  on input line 1645.
Package babel Info: Redefining german shorthand "|
(babel)             in language  on input line 1645.
Package babel Info: Redefining german shorthand "~
(babel)             in language  on input line 1645.
Package babel Info: Redefining german shorthand "f
(babel)             in language  on input line 1668.
Package babel Info: Redefining german shorthand "|
(babel)             in language  on input line 1668.
Package babel Info: Redefining german shorthand "~
(babel)             in language  on input line 1668.
Package babel Info: Redefining german shorthand "f
(babel)             in language  on input line 1668.
Package babel Info: Redefining german shorthand "|
(babel)             in language  on input line 1668.
Package babel Info: Redefining german shorthand "~
(babel)             in language  on input line 1668.
[22]
Underfull \hbox (badness 10000) in paragraph at lines 1677--1681

 []


Underfull \hbox (badness 10000) in paragraph at lines 1682--1690

 []


Underfull \hbox (badness 10000) in paragraph at lines 1691--1700

 []

Package babel Info: Redefining german shorthand "f
(babel)             in language  on input line 1702.
Package babel Info: Redefining german shorthand "|
(babel)             in language  on input line 1702.
Package babel Info: Redefining german shorthand "~
(babel)             in language  on input line 1702.

Underfull \hbox (badness 10000) in paragraph at lines 1723--1728

 []


Underfull \hbox (badness 10000) in paragraph at lines 1729--1734

 []


Underfull \hbox (badness 10000) in paragraph at lines 1735--1740

 []


Underfull \hbox (badness 10000) in paragraph at lines 1741--1746

 []


Underfull \hbox (badness 10000) in paragraph at lines 1747--1754

 []

Package babel Info: Redefining german shorthand "f
(babel)             in language  on input line 1754.
Package babel Info: Redefining german shorthand "|
(babel)             in language  on input line 1754.
Package babel Info: Redefining german shorthand "~
(babel)             in language  on input line 1754.
Package babel Info: Redefining german shorthand "f
(babel)             in language  on input line 1754.
Package babel Info: Redefining german shorthand "|
(babel)             in language  on input line 1754.
Package babel Info: Redefining german shorthand "~
(babel)             in language  on input line 1754.
[23]
Underfull \hbox (badness 10000) in paragraph at lines 1755--1762

 []


Underfull \hbox (badness 10000) in paragraph at lines 1763--1770

 []

Package babel Info: Redefining german shorthand "f
(babel)             in language  on input line 1772.
Package babel Info: Redefining german shorthand "|
(babel)             in language  on input line 1772.
Package babel Info: Redefining german shorthand "~
(babel)             in language  on input line 1772.

Underfull \hbox (badness 10000) in paragraph at lines 1791--1795

 []


Underfull \hbox (badness 10000) in paragraph at lines 1796--1805

 []


Underfull \hbox (badness 10000) in paragraph at lines 1806--1811

 []


Underfull \hbox (badness 10000) in paragraph at lines 1812--1817

 []


Underfull \hbox (badness 10000) in paragraph at lines 1818--1823

 []


Underfull \hbox (badness 10000) in paragraph at lines 1824--1829

 []

Package babel Info: Redefining german shorthand "f
(babel)             in language  on input line 1829.
Package babel Info: Redefining german shorthand "|
(babel)             in language  on input line 1829.
Package babel Info: Redefining german shorthand "~
(babel)             in language  on input line 1829.
Package babel Info: Redefining german shorthand "f
(babel)             in language  on input line 1829.
Package babel Info: Redefining german shorthand "|
(babel)             in language  on input line 1829.
Package babel Info: Redefining german shorthand "~
(babel)             in language  on input line 1829.
[24]
Underfull \hbox (badness 10000) in paragraph at lines 1830--1835

 []


Underfull \hbox (badness 10000) in paragraph at lines 1836--1841

 []


Underfull \hbox (badness 10000) in paragraph at lines 1842--1846

 []


Underfull \hbox (badness 10000) in paragraph at lines 1847--1854

 []


Underfull \hbox (badness 10000) in paragraph at lines 1855--1862

 []

Package babel Info: Redefining german shorthand "f
(babel)             in language  on input line 1864.
Package babel Info: Redefining german shorthand "|
(babel)             in language  on input line 1864.
Package babel Info: Redefining german shorthand "~
(babel)             in language  on input line 1864.

Underfull \hbox (badness 10000) in paragraph at lines 1884--1888

 []


Underfull \hbox (badness 10000) in paragraph at lines 1889--1894

 []


Underfull \hbox (badness 10000) in paragraph at lines 1899--1905

 []

Package babel Info: Redefining german shorthand "f
(babel)             in language  on input line 1907.
Package babel Info: Redefining german shorthand "|
(babel)             in language  on input line 1907.
Package babel Info: Redefining german shorthand "~
(babel)             in language  on input line 1907.
Package babel Info: Redefining german shorthand "f
(babel)             in language  on input line 1910.
Package babel Info: Redefining german shorthand "|
(babel)             in language  on input line 1910.
Package babel Info: Redefining german shorthand "~
(babel)             in language  on input line 1910.
Package babel Info: Redefining german shorthand "f
(babel)             in language  on input line 1910.
Package babel Info: Redefining german shorthand "|
(babel)             in language  on input line 1910.
Package babel Info: Redefining german shorthand "~
(babel)             in language  on input line 1910.
[25]
Package babel Info: Redefining german shorthand "f
(babel)             in language  on input line 1910.
Package babel Info: Redefining german shorthand "|
(babel)             in language  on input line 1910.
Package babel Info: Redefining german shorthand "~
(babel)             in language  on input line 1910.

Underfull \hbox (badness 10000) in paragraph at lines 1944--1953

 []


Underfull \hbox (badness 10000) in paragraph at lines 1954--1960

 []


Underfull \hbox (badness 10000) in paragraph at lines 1961--1965

 []


Underfull \hbox (badness 10000) in paragraph at lines 1966--1970

 []


Underfull \hbox (badness 10000) in paragraph at lines 1971--1976

 []


Underfull \hbox (badness 10000) in paragraph at lines 1977--1986

 []

Package babel Info: Redefining german shorthand "f
(babel)             in language  on input line 1986.
Package babel Info: Redefining german shorthand "|
(babel)             in language  on input line 1986.
Package babel Info: Redefining german shorthand "~
(babel)             in language  on input line 1986.
Package babel Info: Redefining german shorthand "f
(babel)             in language  on input line 1986.
Package babel Info: Redefining german shorthand "|
(babel)             in language  on input line 1986.
Package babel Info: Redefining german shorthand "~
(babel)             in language  on input line 1986.
[26]
Underfull \hbox (badness 10000) in paragraph at lines 1987--1995

 []

Package babel Info: Redefining german shorthand "f
(babel)             in language  on input line 1997.
Package babel Info: Redefining german shorthand "|
(babel)             in language  on input line 1997.
Package babel Info: Redefining german shorthand "~
(babel)             in language  on input line 1997.
Package babel Info: Redefining german shorthand "f
(babel)             in language  on input line 2000.
Package babel Info: Redefining german shorthand "|
(babel)             in language  on input line 2000.
Package babel Info: Redefining german shorthand "~
(babel)             in language  on input line 2000.

Overfull \hbox (17.80305pt too wide) in paragraph at lines 2009--2014
[]\T1/cmr/m/n/10 This is nee-ded for se-ver-al Re-a-sons: - So that the Me-nu-B
ar can change so-me Pro-per-ties of all Tabs,Windows,...
 []


Underfull \hbox (badness 10000) in paragraph at lines 2038--2041

 []


Underfull \hbox (badness 10000) in paragraph at lines 2045--2048

 []


Underfull \hbox (badness 10000) in paragraph at lines 2049--2054

 []

Package babel Info: Redefining german shorthand "f
(babel)             in language  on input line 2057.
Package babel Info: Redefining german shorthand "|
(babel)             in language  on input line 2057.
Package babel Info: Redefining german shorthand "~
(babel)             in language  on input line 2057.
Package babel Info: Redefining german shorthand "f
(babel)             in language  on input line 2057.
Package babel Info: Redefining german shorthand "|
(babel)             in language  on input line 2057.
Package babel Info: Redefining german shorthand "~
(babel)             in language  on input line 2057.
[27]
Underfull \hbox (badness 10000) in paragraph at lines 2058--2061

 []


Underfull \hbox (badness 10000) in paragraph at lines 2062--2068

 []


Underfull \hbox (badness 10000) in paragraph at lines 2069--2075

 []


Underfull \hbox (badness 10000) in paragraph at lines 2076--2081

 []


Underfull \hbox (badness 10000) in paragraph at lines 2082--2087

 []


Underfull \hbox (badness 10000) in paragraph at lines 2088--2093

 []


Underfull \hbox (badness 10000) in paragraph at lines 2094--2099

 []


Underfull \hbox (badness 10000) in paragraph at lines 2100--2106

 []

Package babel Info: Redefining german shorthand "f
(babel)             in language  on input line 2108.
Package babel Info: Redefining german shorthand "|
(babel)             in language  on input line 2108.
Package babel Info: Redefining german shorthand "~
(babel)             in language  on input line 2108.
Package babel Info: Redefining german shorthand "f
(babel)             in language  on input line 2123.
Package babel Info: Redefining german shorthand "|
(babel)             in language  on input line 2123.
Package babel Info: Redefining german shorthand "~
(babel)             in language  on input line 2123.

Underfull \hbox (badness 10000) in paragraph at lines 2128--2133

 []

Package babel Info: Redefining german shorthand "f
(babel)             in language  on input line 2133.
Package babel Info: Redefining german shorthand "|
(babel)             in language  on input line 2133.
Package babel Info: Redefining german shorthand "~
(babel)             in language  on input line 2133.
Package babel Info: Redefining german shorthand "f
(babel)             in language  on input line 2133.
Package babel Info: Redefining german shorthand "|
(babel)             in language  on input line 2133.
Package babel Info: Redefining german shorthand "~
(babel)             in language  on input line 2133.
[28]
Underfull \hbox (badness 10000) in paragraph at lines 2133--2136

 []


Underfull \hbox (badness 10000) in paragraph at lines 2136--2139

 []


Underfull \hbox (badness 10000) in paragraph at lines 2139--2142

 []


Underfull \hbox (badness 10000) in paragraph at lines 2142--2145

 []


Underfull \hbox (badness 10000) in paragraph at lines 2146--2149

 []


Underfull \hbox (badness 10000) in paragraph at lines 2149--2152

 []


Underfull \hbox (badness 10000) in paragraph at lines 2152--2155

 []

Package babel Info: Redefining german shorthand "f
(babel)             in language  on input line 2190.
Package babel Info: Redefining german shorthand "|
(babel)             in language  on input line 2190.
Package babel Info: Redefining german shorthand "~
(babel)             in language  on input line 2190.
Package babel Info: Redefining german shorthand "f
(babel)             in language  on input line 2190.
Package babel Info: Redefining german shorthand "|
(babel)             in language  on input line 2190.
Package babel Info: Redefining german shorthand "~
(babel)             in language  on input line 2190.
[29]
No file Entwurfsdokument_View.gls.
Package atveryend Info: Empty hook `BeforeClearDocument' on input line 2193.
Package babel Info: Redefining german shorthand "f
(babel)             in language  on input line 2193.
Package babel Info: Redefining german shorthand "|
(babel)             in language  on input line 2193.
Package babel Info: Redefining german shorthand "~
(babel)             in language  on input line 2193.
Package babel Info: Redefining german shorthand "f
(babel)             in language  on input line 2193.
Package babel Info: Redefining german shorthand "|
(babel)             in language  on input line 2193.
Package babel Info: Redefining german shorthand "~
(babel)             in language  on input line 2193.
[30]
Package atveryend Info: Empty hook `AfterLastShipout' on input line 2193.
 (Entwurfsdokument_View.aux)
Package atveryend Info: Executing hook `AtVeryEndDocument' on input line 2193.
Package atveryend Info: Executing hook `AtEndAfterFileList' on input line 2193.

Package rerunfilecheck Info: File `Entwurfsdokument_View.out' has not changed.
(rerunfilecheck)             Checksum: 6A2C469DEED8D15635F52D7E734B8F51;4269.
Package atveryend Info: Empty hook `AtVeryVeryEnd' on input line 2193.
 ) 
Here is how much of TeX's memory you used:
 14176 strings out of 493010
 229671 string characters out of 3135839
 368009 words of memory out of 3000000
 17522 multiletter control sequences out of 15000+200000
 8259 words of font info for 20 fonts, out of 3000000 for 9000
 1127 hyphenation exceptions out of 8191
 45i,5n,39p,1989b,575s stack positions out of 5000i,500n,10000p,200000b,50000s
 <C:\Users\Jonas\AppData\Local\MiKTeX\2.9\fonts\pk\ljfour\jknappen\ec\dpi600\
ecrm1000.pk> <C:\Users\Jonas\AppData\Local\MiKTeX\2.9\fonts\pk\ljfour\jknappen\
ec\dpi600\ecbx1000.pk> <C:\Users\Jonas\AppData\Local\MiKTeX\2.9\fonts\pk\ljfour
\jknappen\ec\dpi600\ecbx1200.pk> <C:\Users\Jonas\AppData\Local\MiKTeX\2.9\fonts
\pk\ljfour\jknappen\ec\dpi720\ecbx1200.pk><C:/Program Files (x86)/MikTex/fonts/
type1/public/amsfonts/cm/cmsy10.pfb>
Output written on Entwurfsdokument_View.pdf (30 pages, 198858 bytes).
PDF statistics:
 895 PDF objects out of 1000 (max. 8388607)
 296 named destinations out of 1000 (max. 500000)
 481 words of extra memory for PDF output out of 10000 (max. 10000000)

